{"D:\\projects\\reactus\\movies\\src\\components\\MovieCard\\MovieCard.jsx": {"path":"D:\\projects\\reactus\\movies\\src\\components\\MovieCard\\MovieCard.jsx","statementMap":{"0":{"start":{"line":10,"column":29},"end":{"line":10,"column":51}},"1":{"start":{"line":11,"column":17},"end":{"line":11,"column":57}},"2":{"start":{"line":13,"column":2},"end":{"line":15,"column":3}},"3":{"start":{"line":14,"column":4},"end":{"line":14,"column":71}},"4":{"start":{"line":17,"column":2},"end":{"line":33,"column":4}}},"fnMap":{"0":{"name":"MovieCard","decl":{"start":{"line":9,"column":9},"end":{"line":9,"column":18}},"loc":{"start":{"line":9,"column":48},"end":{"line":34,"column":1}},"line":9}},"branchMap":{"0":{"loc":{"start":{"line":9,"column":28},"end":{"line":9,"column":44}},"type":"default-arg","locations":[{"start":{"line":9,"column":39},"end":{"line":9,"column":44}}],"line":9},"1":{"loc":{"start":{"line":13,"column":2},"end":{"line":15,"column":3}},"type":"if","locations":[{"start":{"line":13,"column":2},"end":{"line":15,"column":3}},{"start":{},"end":{}}],"line":13}},"s":{"0":0,"1":0,"2":0,"3":0,"4":0},"f":{"0":0},"b":{"0":[0],"1":[0,0]},"_coverageSchema":"1a1c01bbd47fc00a2c39e90264f33305004495a9","hash":"85d91975569770b5c4163efd1817b7d031cff411"}
,"D:\\projects\\reactus\\movies\\src\\components\\MovieCard\\index.js": {"path":"D:\\projects\\reactus\\movies\\src\\components\\MovieCard\\index.js","statementMap":{},"fnMap":{},"branchMap":{},"s":{},"f":{},"b":{},"_coverageSchema":"1a1c01bbd47fc00a2c39e90264f33305004495a9","hash":"3c104947824e3a0e50dce8739ee3ab517575a3e7"}
,"D:\\projects\\reactus\\movies\\src\\components\\MovieImage\\MovieImage.jsx": {"path":"D:\\projects\\reactus\\movies\\src\\components\\MovieImage\\MovieImage.jsx","statementMap":{"0":{"start":{"line":10,"column":34},"end":{"line":10,"column":53}},"1":{"start":{"line":11,"column":39},"end":{"line":11,"column":43}},"2":{"start":{"line":12,"column":18},"end":{"line":12,"column":76}},"3":{"start":{"line":14,"column":2},"end":{"line":27,"column":4}},"4":{"start":{"line":20,"column":22},"end":{"line":20,"column":44}},"5":{"start":{"line":21,"column":23},"end":{"line":21,"column":42}}},"fnMap":{"0":{"name":"MovieImage","decl":{"start":{"line":9,"column":9},"end":{"line":9,"column":19}},"loc":{"start":{"line":9,"column":30},"end":{"line":28,"column":1}},"line":9},"1":{"name":"(anonymous_1)","decl":{"start":{"line":20,"column":16},"end":{"line":20,"column":17}},"loc":{"start":{"line":20,"column":22},"end":{"line":20,"column":44}},"line":20},"2":{"name":"(anonymous_2)","decl":{"start":{"line":21,"column":17},"end":{"line":21,"column":18}},"loc":{"start":{"line":21,"column":23},"end":{"line":21,"column":42}},"line":21}},"branchMap":{"0":{"loc":{"start":{"line":16,"column":7},"end":{"line":16,"column":40}},"type":"binary-expr","locations":[{"start":{"line":16,"column":7},"end":{"line":16,"column":29}},{"start":{"line":16,"column":33},"end":{"line":16,"column":40}}],"line":16},"1":{"loc":{"start":{"line":17,"column":7},"end":{"line":17,"column":94}},"type":"binary-expr","locations":[{"start":{"line":17,"column":7},"end":{"line":17,"column":26}},{"start":{"line":17,"column":30},"end":{"line":17,"column":94}}],"line":17},"2":{"loc":{"start":{"line":24,"column":26},"end":{"line":24,"column":67}},"type":"cond-expr","locations":[{"start":{"line":24,"column":51},"end":{"line":24,"column":58}},{"start":{"line":24,"column":61},"end":{"line":24,"column":67}}],"line":24}},"s":{"0":0,"1":0,"2":0,"3":0,"4":0,"5":0},"f":{"0":0,"1":0,"2":0},"b":{"0":[0,0],"1":[0,0],"2":[0,0]},"_coverageSchema":"1a1c01bbd47fc00a2c39e90264f33305004495a9","hash":"3ccf5d36a71324438ad475c6f1fd71fb2ab3b28f"}
,"D:\\projects\\reactus\\movies\\src\\components\\MovieList\\MovieList.jsx": {"path":"D:\\projects\\reactus\\movies\\src\\components\\MovieList\\MovieList.jsx","statementMap":{"0":{"start":{"line":10,"column":30},"end":{"line":10,"column":42}},"1":{"start":{"line":11,"column":32},"end":{"line":11,"column":46}},"2":{"start":{"line":12,"column":36},"end":{"line":12,"column":51}},"3":{"start":{"line":13,"column":42},"end":{"line":13,"column":56}},"4":{"start":{"line":15,"column":18},"end":{"line":15,"column":76}},"5":{"start":{"line":16,"column":2},"end":{"line":42,"column":37}},"6":{"start":{"line":17,"column":24},"end":{"line":39,"column":5}},"7":{"start":{"line":18,"column":6},"end":{"line":38,"column":7}},"8":{"start":{"line":19,"column":8},"end":{"line":33,"column":9}},"9":{"start":{"line":20,"column":23},"end":{"line":20,"column":68}},"10":{"start":{"line":21,"column":10},"end":{"line":29,"column":11}},"11":{"start":{"line":22,"column":12},"end":{"line":22,"column":28}},"12":{"start":{"line":23,"column":12},"end":{"line":23,"column":41}},"13":{"start":{"line":24,"column":12},"end":{"line":24,"column":32}},"14":{"start":{"line":25,"column":12},"end":{"line":25,"column":34}},"15":{"start":{"line":27,"column":12},"end":{"line":27,"column":31}},"16":{"start":{"line":28,"column":12},"end":{"line":28,"column":24}},"17":{"start":{"line":31,"column":10},"end":{"line":31,"column":30}},"18":{"start":{"line":32,"column":10},"end":{"line":32,"column":24}},"19":{"start":{"line":35,"column":8},"end":{"line":35,"column":37}},"20":{"start":{"line":37,"column":8},"end":{"line":37,"column":26}},"21":{"start":{"line":41,"column":4},"end":{"line":41,"column":18}},"22":{"start":{"line":44,"column":2},"end":{"line":50,"column":3}},"23":{"start":{"line":45,"column":4},"end":{"line":49,"column":6}},"24":{"start":{"line":51,"column":2},"end":{"line":61,"column":3}},"25":{"start":{"line":52,"column":4},"end":{"line":60,"column":6}},"26":{"start":{"line":62,"column":2},"end":{"line":70,"column":4}},"27":{"start":{"line":67,"column":10},"end":{"line":67,"column":60}}},"fnMap":{"0":{"name":"MovieList","decl":{"start":{"line":9,"column":9},"end":{"line":9,"column":18}},"loc":{"start":{"line":9,"column":53},"end":{"line":71,"column":1}},"line":9},"1":{"name":"(anonymous_1)","decl":{"start":{"line":16,"column":12},"end":{"line":16,"column":13}},"loc":{"start":{"line":16,"column":18},"end":{"line":42,"column":3}},"line":16},"2":{"name":"(anonymous_2)","decl":{"start":{"line":17,"column":24},"end":{"line":17,"column":25}},"loc":{"start":{"line":17,"column":36},"end":{"line":39,"column":5}},"line":17},"3":{"name":"(anonymous_3)","decl":{"start":{"line":66,"column":27},"end":{"line":66,"column":28}},"loc":{"start":{"line":66,"column":38},"end":{"line":68,"column":9}},"line":66}},"branchMap":{"0":{"loc":{"start":{"line":19,"column":8},"end":{"line":33,"column":9}},"type":"if","locations":[{"start":{"line":19,"column":8},"end":{"line":33,"column":9}},{"start":{"line":30,"column":15},"end":{"line":33,"column":9}}],"line":19},"1":{"loc":{"start":{"line":21,"column":10},"end":{"line":29,"column":11}},"type":"if","locations":[{"start":{"line":21,"column":10},"end":{"line":29,"column":11}},{"start":{"line":26,"column":17},"end":{"line":29,"column":11}}],"line":21},"2":{"loc":{"start":{"line":44,"column":2},"end":{"line":50,"column":3}},"type":"if","locations":[{"start":{"line":44,"column":2},"end":{"line":50,"column":3}},{"start":{},"end":{}}],"line":44},"3":{"loc":{"start":{"line":51,"column":2},"end":{"line":61,"column":3}},"type":"if","locations":[{"start":{"line":51,"column":2},"end":{"line":61,"column":3}},{"start":{},"end":{}}],"line":51},"4":{"loc":{"start":{"line":64,"column":7},"end":{"line":64,"column":56}},"type":"binary-expr","locations":[{"start":{"line":64,"column":7},"end":{"line":64,"column":14}},{"start":{"line":64,"column":18},"end":{"line":64,"column":56}}],"line":64},"5":{"loc":{"start":{"line":65,"column":7},"end":{"line":68,"column":10}},"type":"binary-expr","locations":[{"start":{"line":65,"column":7},"end":{"line":65,"column":21}},{"start":{"line":66,"column":8},"end":{"line":68,"column":10}}],"line":65}},"s":{"0":2,"1":2,"2":2,"3":2,"4":2,"5":2,"6":1,"7":1,"8":1,"9":0,"10":0,"11":0,"12":0,"13":0,"14":0,"15":0,"16":0,"17":1,"18":1,"19":0,"20":1,"21":1,"22":2,"23":0,"24":2,"25":0,"26":2,"27":0},"f":{"0":2,"1":1,"2":1,"3":0},"b":{"0":[0,1],"1":[0,0],"2":[0,2],"3":[0,2],"4":[2,1],"5":[2,0]},"_coverageSchema":"1a1c01bbd47fc00a2c39e90264f33305004495a9","hash":"d500a1efae8ab2a7b68758a2cd058191b0470a8c"}
,"D:\\projects\\reactus\\movies\\src\\components\\MovieList\\index.js": {"path":"D:\\projects\\reactus\\movies\\src\\components\\MovieList\\index.js","statementMap":{},"fnMap":{},"branchMap":{},"s":{},"f":{},"b":{},"_coverageSchema":"1a1c01bbd47fc00a2c39e90264f33305004495a9","hash":"19b76f2ed4eca4d52c95cf7d534da7f40f56b569"}
,"D:\\projects\\reactus\\movies\\src\\components\\MovieTags\\MovieTags.jsx": {"path":"D:\\projects\\reactus\\movies\\src\\components\\MovieTags\\MovieTags.jsx","statementMap":{"0":{"start":{"line":6,"column":18},"end":{"line":8,"column":1}},"1":{"start":{"line":7,"column":2},"end":{"line":7,"column":31}},"2":{"start":{"line":11,"column":2},"end":{"line":25,"column":4}},"3":{"start":{"line":15,"column":10},"end":{"line":21,"column":12}},"4":{"start":{"line":18,"column":16},"end":{"line":18,"column":85}}},"fnMap":{"0":{"name":"(anonymous_0)","decl":{"start":{"line":6,"column":18},"end":{"line":6,"column":19}},"loc":{"start":{"line":6,"column":41},"end":{"line":8,"column":1}},"line":6},"1":{"name":"MovieTags","decl":{"start":{"line":10,"column":9},"end":{"line":10,"column":18}},"loc":{"start":{"line":10,"column":36},"end":{"line":26,"column":1}},"line":10},"2":{"name":"(anonymous_2)","decl":{"start":{"line":14,"column":9},"end":{"line":14,"column":10}},"loc":{"start":{"line":14,"column":33},"end":{"line":22,"column":9}},"line":14},"3":{"name":"(anonymous_3)","decl":{"start":{"line":17,"column":43},"end":{"line":17,"column":44}},"loc":{"start":{"line":17,"column":56},"end":{"line":19,"column":15}},"line":17}},"branchMap":{},"s":{"0":1,"1":0,"2":0,"3":0,"4":0},"f":{"0":0,"1":0,"2":0,"3":0},"b":{},"_coverageSchema":"1a1c01bbd47fc00a2c39e90264f33305004495a9","hash":"66dedad6058ece380579e32fbb0e065a37492728"}
,"D:\\projects\\reactus\\movies\\src\\components\\PaginationBlock\\PaginationBlock.jsx": {"path":"D:\\projects\\reactus\\movies\\src\\components\\PaginationBlock\\PaginationBlock.jsx","statementMap":{"0":{"start":{"line":4,"column":19},"end":{"line":4,"column":25}},"1":{"start":{"line":6,"column":2},"end":{"line":17,"column":4}}},"fnMap":{"0":{"name":"PaginationBlock","decl":{"start":{"line":5,"column":9},"end":{"line":5,"column":24}},"loc":{"start":{"line":5,"column":65},"end":{"line":18,"column":1}},"line":5}},"branchMap":{},"s":{"0":1,"1":1},"f":{"0":1},"b":{},"_coverageSchema":"1a1c01bbd47fc00a2c39e90264f33305004495a9","hash":"c140244209394d7dc04fbf7d13eb4354b94ec407"}
,"D:\\projects\\reactus\\movies\\src\\components\\PaginationBlock\\index.js": {"path":"D:\\projects\\reactus\\movies\\src\\components\\PaginationBlock\\index.js","statementMap":{},"fnMap":{},"branchMap":{},"s":{},"f":{},"b":{},"_coverageSchema":"1a1c01bbd47fc00a2c39e90264f33305004495a9","hash":"78268e589f6be21b53f0b07d7522ce9e7e86299f"}
,"D:\\projects\\reactus\\movies\\src\\components\\RatedTab\\RatedTab.jsx": {"path":"D:\\projects\\reactus\\movies\\src\\components\\RatedTab\\RatedTab.jsx","statementMap":{"0":{"start":{"line":10,"column":20},"end":{"line":10,"column":26}},"1":{"start":{"line":13,"column":40},"end":{"line":13,"column":51}},"2":{"start":{"line":14,"column":28},"end":{"line":14,"column":39}},"3":{"start":{"line":15,"column":36},"end":{"line":15,"column":77}},"4":{"start":{"line":16,"column":28},"end":{"line":16,"column":42}},"5":{"start":{"line":18,"column":27},"end":{"line":28,"column":3}},"6":{"start":{"line":19,"column":4},"end":{"line":27,"column":5}},"7":{"start":{"line":20,"column":26},"end":{"line":20,"column":69}},"8":{"start":{"line":21,"column":6},"end":{"line":24,"column":7}},"9":{"start":{"line":22,"column":8},"end":{"line":22,"column":34}},"10":{"start":{"line":23,"column":8},"end":{"line":23,"column":44}},"11":{"start":{"line":26,"column":6},"end":{"line":26,"column":28}},"12":{"start":{"line":30,"column":2},"end":{"line":33,"column":20}},"13":{"start":{"line":31,"column":4},"end":{"line":31,"column":23}},"14":{"start":{"line":35,"column":2},"end":{"line":53,"column":4}},"15":{"start":{"line":46,"column":14},"end":{"line":46,"column":65}}},"fnMap":{"0":{"name":"RatedTab","decl":{"start":{"line":12,"column":9},"end":{"line":12,"column":17}},"loc":{"start":{"line":12,"column":20},"end":{"line":54,"column":1}},"line":12},"1":{"name":"(anonymous_1)","decl":{"start":{"line":18,"column":27},"end":{"line":18,"column":28}},"loc":{"start":{"line":18,"column":39},"end":{"line":28,"column":3}},"line":18},"2":{"name":"(anonymous_2)","decl":{"start":{"line":30,"column":12},"end":{"line":30,"column":13}},"loc":{"start":{"line":30,"column":18},"end":{"line":33,"column":3}},"line":30},"3":{"name":"(anonymous_3)","decl":{"start":{"line":45,"column":35},"end":{"line":45,"column":36}},"loc":{"start":{"line":46,"column":14},"end":{"line":46,"column":65}},"line":46}},"branchMap":{"0":{"loc":{"start":{"line":21,"column":6},"end":{"line":24,"column":7}},"type":"if","locations":[{"start":{"line":21,"column":6},"end":{"line":24,"column":7}},{"start":{},"end":{}}],"line":21},"1":{"loc":{"start":{"line":40,"column":13},"end":{"line":44,"column":13}},"type":"binary-expr","locations":[{"start":{"line":40,"column":13},"end":{"line":40,"column":18}},{"start":{"line":41,"column":14},"end":{"line":43,"column":20}}],"line":40}},"s":{"0":1,"1":0,"2":0,"3":0,"4":0,"5":0,"6":0,"7":0,"8":0,"9":0,"10":0,"11":0,"12":0,"13":0,"14":0,"15":0},"f":{"0":0,"1":0,"2":0,"3":0},"b":{"0":[0,0],"1":[0,0]},"_coverageSchema":"1a1c01bbd47fc00a2c39e90264f33305004495a9","hash":"3f1340cc4dacc200554e0dc33b47d78f8b791b0c"}
,"D:\\projects\\reactus\\movies\\src\\components\\RatingStars\\RatingStars.jsx": {"path":"D:\\projects\\reactus\\movies\\src\\components\\RatingStars\\RatingStars.jsx","statementMap":{"0":{"start":{"line":8,"column":28},"end":{"line":8,"column":39}},"1":{"start":{"line":10,"column":24},"end":{"line":10,"column":69}},"2":{"start":{"line":11,"column":2},"end":{"line":14,"column":3}},"3":{"start":{"line":12,"column":32},"end":{"line":12,"column":54}},"4":{"start":{"line":13,"column":4},"end":{"line":13,"column":69}},"5":{"start":{"line":13,"column":39},"end":{"line":13,"column":69}},"6":{"start":{"line":16,"column":20},"end":{"line":20,"column":3}},"7":{"start":{"line":17,"column":19},"end":{"line":17,"column":31}},"8":{"start":{"line":18,"column":4},"end":{"line":18,"column":27}},"9":{"start":{"line":19,"column":4},"end":{"line":19,"column":21}},"10":{"start":{"line":22,"column":2},"end":{"line":33,"column":4}},"11":{"start":{"line":28,"column":29},"end":{"line":28,"column":54}}},"fnMap":{"0":{"name":"RatingStars","decl":{"start":{"line":7,"column":9},"end":{"line":7,"column":20}},"loc":{"start":{"line":7,"column":44},"end":{"line":34,"column":1}},"line":7},"1":{"name":"(anonymous_1)","decl":{"start":{"line":16,"column":20},"end":{"line":16,"column":21}},"loc":{"start":{"line":16,"column":35},"end":{"line":20,"column":3}},"line":16},"2":{"name":"(anonymous_2)","decl":{"start":{"line":28,"column":18},"end":{"line":28,"column":19}},"loc":{"start":{"line":28,"column":29},"end":{"line":28,"column":54}},"line":28}},"branchMap":{"0":{"loc":{"start":{"line":11,"column":2},"end":{"line":14,"column":3}},"type":"if","locations":[{"start":{"line":11,"column":2},"end":{"line":14,"column":3}},{"start":{},"end":{}}],"line":11},"1":{"loc":{"start":{"line":13,"column":4},"end":{"line":13,"column":69}},"type":"if","locations":[{"start":{"line":13,"column":4},"end":{"line":13,"column":69}},{"start":{},"end":{}}],"line":13},"2":{"loc":{"start":{"line":17,"column":19},"end":{"line":17,"column":31}},"type":"binary-expr","locations":[{"start":{"line":17,"column":19},"end":{"line":17,"column":24}},{"start":{"line":17,"column":28},"end":{"line":17,"column":31}}],"line":17}},"s":{"0":0,"1":0,"2":0,"3":0,"4":0,"5":0,"6":0,"7":0,"8":0,"9":0,"10":0,"11":0},"f":{"0":0,"1":0,"2":0},"b":{"0":[0,0],"1":[0,0],"2":[0,0]},"_coverageSchema":"1a1c01bbd47fc00a2c39e90264f33305004495a9","hash":"116aa76408bbe44a22e1315eb121ebddda62f251"}
,"D:\\projects\\reactus\\movies\\src\\components\\SearchTab\\SearchTab.jsx": {"path":"D:\\projects\\reactus\\movies\\src\\components\\SearchTab\\SearchTab.jsx","statementMap":{"0":{"start":{"line":10,"column":19},"end":{"line":10,"column":24}},"1":{"start":{"line":11,"column":20},"end":{"line":11,"column":26}},"2":{"start":{"line":14,"column":28},"end":{"line":14,"column":40}},"3":{"start":{"line":15,"column":40},"end":{"line":15,"column":51}},"4":{"start":{"line":16,"column":28},"end":{"line":16,"column":39}},"5":{"start":{"line":18,"column":2},"end":{"line":20,"column":14}},"6":{"start":{"line":19,"column":4},"end":{"line":19,"column":22}},"7":{"start":{"line":22,"column":21},"end":{"line":24,"column":9}},"8":{"start":{"line":23,"column":4},"end":{"line":23,"column":31}},"9":{"start":{"line":26,"column":2},"end":{"line":45,"column":4}}},"fnMap":{"0":{"name":"SearchTab","decl":{"start":{"line":13,"column":9},"end":{"line":13,"column":18}},"loc":{"start":{"line":13,"column":21},"end":{"line":46,"column":1}},"line":13},"1":{"name":"(anonymous_1)","decl":{"start":{"line":18,"column":12},"end":{"line":18,"column":13}},"loc":{"start":{"line":18,"column":18},"end":{"line":20,"column":3}},"line":18},"2":{"name":"(anonymous_2)","decl":{"start":{"line":22,"column":30},"end":{"line":22,"column":31}},"loc":{"start":{"line":22,"column":39},"end":{"line":24,"column":3}},"line":22}},"branchMap":{"0":{"loc":{"start":{"line":43,"column":7},"end":{"line":43,"column":107}},"type":"binary-expr","locations":[{"start":{"line":43,"column":7},"end":{"line":43,"column":12}},{"start":{"line":43,"column":16},"end":{"line":43,"column":107}}],"line":43}},"s":{"0":1,"1":1,"2":3,"3":3,"4":3,"5":3,"6":2,"7":3,"8":1,"9":3},"f":{"0":3,"1":2,"2":1},"b":{"0":[3,2]},"_coverageSchema":"1a1c01bbd47fc00a2c39e90264f33305004495a9","hash":"cfa6c6b5c7bf6da7bc996e7d8c11ce1870a8308c"}
,"D:\\projects\\reactus\\movies\\src\\components\\SearchTab\\index.js": {"path":"D:\\projects\\reactus\\movies\\src\\components\\SearchTab\\index.js","statementMap":{},"fnMap":{},"branchMap":{},"s":{},"f":{},"b":{},"_coverageSchema":"1a1c01bbd47fc00a2c39e90264f33305004495a9","hash":"d55ca6e0bf41341eb59e8e6c70149826abcb569a"}
,"D:\\projects\\reactus\\movies\\src\\components\\TabsBlock\\TabsBlock.jsx": {"path":"D:\\projects\\reactus\\movies\\src\\components\\TabsBlock\\TabsBlock.jsx","statementMap":{"0":{"start":{"line":8,"column":17},"end":{"line":12,"column":1}},"1":{"start":{"line":15,"column":26},"end":{"line":15,"column":39}},"2":{"start":{"line":16,"column":22},"end":{"line":20,"column":3}},"3":{"start":{"line":17,"column":4},"end":{"line":19,"column":5}},"4":{"start":{"line":18,"column":6},"end":{"line":18,"column":34}},"5":{"start":{"line":18,"column":24},"end":{"line":18,"column":32}},"6":{"start":{"line":21,"column":16},"end":{"line":32,"column":3}},"7":{"start":{"line":34,"column":2},"end":{"line":34,"column":108}}},"fnMap":{"0":{"name":"TabsBlock","decl":{"start":{"line":14,"column":9},"end":{"line":14,"column":18}},"loc":{"start":{"line":14,"column":21},"end":{"line":35,"column":1}},"line":14},"1":{"name":"(anonymous_1)","decl":{"start":{"line":16,"column":22},"end":{"line":16,"column":23}},"loc":{"start":{"line":16,"column":31},"end":{"line":20,"column":3}},"line":16},"2":{"name":"(anonymous_2)","decl":{"start":{"line":18,"column":14},"end":{"line":18,"column":15}},"loc":{"start":{"line":18,"column":24},"end":{"line":18,"column":32}},"line":18}},"branchMap":{"0":{"loc":{"start":{"line":17,"column":4},"end":{"line":19,"column":5}},"type":"if","locations":[{"start":{"line":17,"column":4},"end":{"line":19,"column":5}},{"start":{},"end":{}}],"line":17}},"s":{"0":1,"1":1,"2":1,"3":0,"4":0,"5":0,"6":1,"7":1},"f":{"0":1,"1":0,"2":0},"b":{"0":[0,0]},"_coverageSchema":"1a1c01bbd47fc00a2c39e90264f33305004495a9","hash":"60e9d25cdeb039d78e958a8017744c48a9147103"}
,"D:\\projects\\reactus\\movies\\src\\components\\TabsBlock\\index.js": {"path":"D:\\projects\\reactus\\movies\\src\\components\\TabsBlock\\index.js","statementMap":{},"fnMap":{},"branchMap":{},"s":{},"f":{},"b":{},"_coverageSchema":"1a1c01bbd47fc00a2c39e90264f33305004495a9","hash":"6aa049185df5570f521b32d139e10eb93c3c3186"}
,"D:\\projects\\reactus\\movies\\src\\services\\FetchData.js": {"path":"D:\\projects\\reactus\\movies\\src\\services\\FetchData.js","statementMap":{"0":{"start":{"line":5,"column":16},"end":{"line":8,"column":5}},"1":{"start":{"line":10,"column":4},"end":{"line":12,"column":5}},"2":{"start":{"line":11,"column":6},"end":{"line":11,"column":72}},"3":{"start":{"line":13,"column":4},"end":{"line":13,"column":22}},"4":{"start":{"line":17,"column":16},"end":{"line":17,"column":101}},"5":{"start":{"line":19,"column":4},"end":{"line":21,"column":5}},"6":{"start":{"line":20,"column":6},"end":{"line":20,"column":91}},"7":{"start":{"line":22,"column":4},"end":{"line":22,"column":22}},"8":{"start":{"line":26,"column":16},"end":{"line":26,"column":97}},"9":{"start":{"line":28,"column":4},"end":{"line":30,"column":5}},"10":{"start":{"line":29,"column":6},"end":{"line":29,"column":93}},"11":{"start":{"line":31,"column":4},"end":{"line":31,"column":22}},"12":{"start":{"line":35,"column":4},"end":{"line":35,"column":57}},"13":{"start":{"line":35,"column":44},"end":{"line":35,"column":57}},"14":{"start":{"line":36,"column":26},"end":{"line":36,"column":64}},"15":{"start":{"line":38,"column":16},"end":{"line":41,"column":5}},"16":{"start":{"line":42,"column":4},"end":{"line":44,"column":5}},"17":{"start":{"line":43,"column":6},"end":{"line":43,"column":112}},"18":{"start":{"line":45,"column":4},"end":{"line":45,"column":22}}},"fnMap":{"0":{"name":"(anonymous_0)","decl":{"start":{"line":4,"column":2},"end":{"line":4,"column":3}},"loc":{"start":{"line":4,"column":38},"end":{"line":14,"column":3}},"line":4},"1":{"name":"(anonymous_1)","decl":{"start":{"line":16,"column":2},"end":{"line":16,"column":3}},"loc":{"start":{"line":16,"column":28},"end":{"line":23,"column":3}},"line":16},"2":{"name":"(anonymous_2)","decl":{"start":{"line":25,"column":2},"end":{"line":25,"column":3}},"loc":{"start":{"line":25,"column":27},"end":{"line":32,"column":3}},"line":25},"3":{"name":"(anonymous_3)","decl":{"start":{"line":34,"column":2},"end":{"line":34,"column":3}},"loc":{"start":{"line":34,"column":46},"end":{"line":46,"column":3}},"line":34}},"branchMap":{"0":{"loc":{"start":{"line":10,"column":4},"end":{"line":12,"column":5}},"type":"if","locations":[{"start":{"line":10,"column":4},"end":{"line":12,"column":5}},{"start":{},"end":{}}],"line":10},"1":{"loc":{"start":{"line":19,"column":4},"end":{"line":21,"column":5}},"type":"if","locations":[{"start":{"line":19,"column":4},"end":{"line":21,"column":5}},{"start":{},"end":{}}],"line":19},"2":{"loc":{"start":{"line":28,"column":4},"end":{"line":30,"column":5}},"type":"if","locations":[{"start":{"line":28,"column":4},"end":{"line":30,"column":5}},{"start":{},"end":{}}],"line":28},"3":{"loc":{"start":{"line":34,"column":30},"end":{"line":34,"column":44}},"type":"default-arg","locations":[{"start":{"line":34,"column":43},"end":{"line":34,"column":44}}],"line":34},"4":{"loc":{"start":{"line":35,"column":4},"end":{"line":35,"column":57}},"type":"if","locations":[{"start":{"line":35,"column":4},"end":{"line":35,"column":57}},{"start":{},"end":{}}],"line":35},"5":{"loc":{"start":{"line":42,"column":4},"end":{"line":44,"column":5}},"type":"if","locations":[{"start":{"line":42,"column":4},"end":{"line":44,"column":5}},{"start":{},"end":{}}],"line":42}},"s":{"0":0,"1":0,"2":0,"3":0,"4":0,"5":0,"6":0,"7":0,"8":1,"9":1,"10":1,"11":0,"12":0,"13":0,"14":0,"15":0,"16":0,"17":0,"18":0},"f":{"0":0,"1":0,"2":1,"3":0},"b":{"0":[0,0],"1":[0,0],"2":[1,0],"3":[0],"4":[0,0],"5":[0,0]},"_coverageSchema":"1a1c01bbd47fc00a2c39e90264f33305004495a9","hash":"d08cf990bf5feecab997108ad1d3c0dd81529651"}
,"D:\\projects\\reactus\\movies\\src\\services\\GenresContext.jsx": {"path":"D:\\projects\\reactus\\movies\\src\\services\\GenresContext.jsx","statementMap":{"0":{"start":{"line":6,"column":22},"end":{"line":6,"column":41}},"1":{"start":{"line":9,"column":36},"end":{"line":9,"column":55}},"2":{"start":{"line":10,"column":42},"end":{"line":10,"column":56}},"3":{"start":{"line":11,"column":25},"end":{"line":11,"column":62}},"4":{"start":{"line":11,"column":39},"end":{"line":11,"column":48}},"5":{"start":{"line":13,"column":20},"end":{"line":21,"column":8}},"6":{"start":{"line":14,"column":4},"end":{"line":20,"column":5}},"7":{"start":{"line":15,"column":19},"end":{"line":15,"column":46}},"8":{"start":{"line":16,"column":27},"end":{"line":16,"column":77}},"9":{"start":{"line":16,"column":54},"end":{"line":16,"column":76}},"10":{"start":{"line":17,"column":6},"end":{"line":17,"column":42}},"11":{"start":{"line":19,"column":6},"end":{"line":19,"column":37}},"12":{"start":{"line":23,"column":2},"end":{"line":25,"column":18}},"13":{"start":{"line":24,"column":4},"end":{"line":24,"column":16}},"14":{"start":{"line":27,"column":2},"end":{"line":33,"column":3}},"15":{"start":{"line":28,"column":4},"end":{"line":32,"column":6}},"16":{"start":{"line":36,"column":2},"end":{"line":36,"column":96}}},"fnMap":{"0":{"name":"GenresProvider","decl":{"start":{"line":8,"column":9},"end":{"line":8,"column":23}},"loc":{"start":{"line":8,"column":38},"end":{"line":37,"column":1}},"line":8},"1":{"name":"(anonymous_1)","decl":{"start":{"line":11,"column":33},"end":{"line":11,"column":34}},"loc":{"start":{"line":11,"column":39},"end":{"line":11,"column":48}},"line":11},"2":{"name":"(anonymous_2)","decl":{"start":{"line":13,"column":32},"end":{"line":13,"column":33}},"loc":{"start":{"line":13,"column":44},"end":{"line":21,"column":3}},"line":13},"3":{"name":"(anonymous_3)","decl":{"start":{"line":16,"column":43},"end":{"line":16,"column":44}},"loc":{"start":{"line":16,"column":54},"end":{"line":16,"column":76}},"line":16},"4":{"name":"(anonymous_4)","decl":{"start":{"line":23,"column":12},"end":{"line":23,"column":13}},"loc":{"start":{"line":23,"column":18},"end":{"line":25,"column":3}},"line":23}},"branchMap":{"0":{"loc":{"start":{"line":27,"column":2},"end":{"line":33,"column":3}},"type":"if","locations":[{"start":{"line":27,"column":2},"end":{"line":33,"column":3}},{"start":{},"end":{}}],"line":27}},"s":{"0":1,"1":3,"2":3,"3":3,"4":1,"5":3,"6":1,"7":1,"8":0,"9":0,"10":0,"11":1,"12":3,"13":1,"14":3,"15":2,"16":1},"f":{"0":3,"1":1,"2":1,"3":0,"4":1},"b":{"0":[2,1]},"_coverageSchema":"1a1c01bbd47fc00a2c39e90264f33305004495a9","hash":"53aa7a61657973c4fdec37e5c4ef5a9bfd517737"}
,"D:\\projects\\reactus\\movies\\src\\services\\fetchOptions.js": {"path":"D:\\projects\\reactus\\movies\\src\\services\\fetchOptions.js","statementMap":{"0":{"start":{"line":1,"column":21},"end":{"line":8,"column":1}}},"fnMap":{},"branchMap":{},"s":{"0":1},"f":{},"b":{},"_coverageSchema":"1a1c01bbd47fc00a2c39e90264f33305004495a9","hash":"034c5b38176ec12647595398945f4e4e0d5ea223"}
,"D:\\projects\\reactus\\movies\\src\\services\\postRating.js": {"path":"D:\\projects\\reactus\\movies\\src\\services\\postRating.js","statementMap":{"0":{"start":{"line":4,"column":19},"end":{"line":28,"column":1}},"1":{"start":{"line":5,"column":24},"end":{"line":5,"column":69}},"2":{"start":{"line":6,"column":20},"end":{"line":6,"column":74}},"3":{"start":{"line":7,"column":2},"end":{"line":7,"column":47}},"4":{"start":{"line":9,"column":20},"end":{"line":9,"column":58}},"5":{"start":{"line":11,"column":27},"end":{"line":16,"column":3}},"6":{"start":{"line":18,"column":2},"end":{"line":27,"column":7}},"7":{"start":{"line":19,"column":19},"end":{"line":19,"column":29}},"8":{"start":{"line":21,"column":6},"end":{"line":23,"column":7}},"9":{"start":{"line":22,"column":8},"end":{"line":22,"column":45}},"10":{"start":{"line":26,"column":6},"end":{"line":26,"column":54}}},"fnMap":{"0":{"name":"(anonymous_0)","decl":{"start":{"line":4,"column":19},"end":{"line":4,"column":20}},"loc":{"start":{"line":4,"column":45},"end":{"line":28,"column":1}},"line":4},"1":{"name":"(anonymous_1)","decl":{"start":{"line":19,"column":10},"end":{"line":19,"column":11}},"loc":{"start":{"line":19,"column":19},"end":{"line":19,"column":29}},"line":19},"2":{"name":"(anonymous_2)","decl":{"start":{"line":20,"column":10},"end":{"line":20,"column":11}},"loc":{"start":{"line":20,"column":20},"end":{"line":24,"column":5}},"line":20},"3":{"name":"(anonymous_3)","decl":{"start":{"line":25,"column":11},"end":{"line":25,"column":12}},"loc":{"start":{"line":25,"column":20},"end":{"line":27,"column":5}},"line":25}},"branchMap":{"0":{"loc":{"start":{"line":21,"column":6},"end":{"line":23,"column":7}},"type":"if","locations":[{"start":{"line":21,"column":6},"end":{"line":23,"column":7}},{"start":{},"end":{}}],"line":21}},"s":{"0":1,"1":0,"2":0,"3":0,"4":0,"5":0,"6":0,"7":0,"8":0,"9":0,"10":0},"f":{"0":0,"1":0,"2":0,"3":0},"b":{"0":[0,0]},"_coverageSchema":"1a1c01bbd47fc00a2c39e90264f33305004495a9","hash":"c39a8272232a51638ff52131cd464b0e66fb6347"}
,"D:\\projects\\reactus\\movies\\src\\services\\truncateString.js": {"path":"D:\\projects\\reactus\\movies\\src\\services\\truncateString.js","statementMap":{"0":{"start":{"line":2,"column":2},"end":{"line":2,"column":36}},"1":{"start":{"line":2,"column":25},"end":{"line":2,"column":36}},"2":{"start":{"line":4,"column":17},"end":{"line":4,"column":34}},"3":{"start":{"line":5,"column":23},"end":{"line":5,"column":48}},"4":{"start":{"line":6,"column":2},"end":{"line":6,"column":45}},"5":{"start":{"line":8,"column":2},"end":{"line":8,"column":26}}},"fnMap":{"0":{"name":"truncateString","decl":{"start":{"line":1,"column":24},"end":{"line":1,"column":38}},"loc":{"start":{"line":1,"column":55},"end":{"line":9,"column":1}},"line":1}},"branchMap":{"0":{"loc":{"start":{"line":1,"column":44},"end":{"line":1,"column":53}},"type":"default-arg","locations":[{"start":{"line":1,"column":50},"end":{"line":1,"column":53}}],"line":1},"1":{"loc":{"start":{"line":2,"column":2},"end":{"line":2,"column":36}},"type":"if","locations":[{"start":{"line":2,"column":2},"end":{"line":2,"column":36}},{"start":{},"end":{}}],"line":2}},"s":{"0":0,"1":0,"2":0,"3":0,"4":0,"5":0},"f":{"0":0},"b":{"0":[0],"1":[0,0]},"_coverageSchema":"1a1c01bbd47fc00a2c39e90264f33305004495a9","hash":"c9e55d58c350f05065265e81c6b38b33e5dfb55f"}
}
