TN:
SF:src\components\MovieCard\MovieCard.jsx
FN:9,MovieCard
FNF:1
FNH:0
FNDA:0,MovieCard
DA:10,0
DA:11,0
DA:13,0
DA:14,0
DA:17,0
LF:5
LH:0
BRDA:9,0,0,0
BRDA:13,1,0,0
BRDA:13,1,1,0
BRF:3
BRH:0
end_of_record
TN:
SF:src\components\MovieCard\index.js
FNF:0
FNH:0
LF:0
LH:0
BRF:0
BRH:0
end_of_record
TN:
SF:src\components\MovieImage\MovieImage.jsx
FN:9,MovieImage
FN:20,(anonymous_1)
FN:21,(anonymous_2)
FNF:3
FNH:0
FNDA:0,MovieImage
FNDA:0,(anonymous_1)
FNDA:0,(anonymous_2)
DA:10,0
DA:11,0
DA:12,0
DA:14,0
DA:20,0
DA:21,0
LF:6
LH:0
BRDA:16,0,0,0
BRDA:16,0,1,0
BRDA:17,1,0,0
BRDA:17,1,1,0
BRDA:24,2,0,0
BRDA:24,2,1,0
BRF:6
BRH:0
end_of_record
TN:
SF:src\components\MovieList\MovieList.jsx
FN:9,MovieList
FN:16,(anonymous_1)
FN:17,(anonymous_2)
FN:66,(anonymous_3)
FNF:4
FNH:3
FNDA:2,MovieList
FNDA:1,(anonymous_1)
FNDA:1,(anonymous_2)
FNDA:0,(anonymous_3)
DA:10,2
DA:11,2
DA:12,2
DA:13,2
DA:15,2
DA:16,2
DA:17,1
DA:18,1
DA:19,1
DA:20,0
DA:21,0
DA:22,0
DA:23,0
DA:24,0
DA:25,0
DA:27,0
DA:28,0
DA:31,1
DA:32,1
DA:35,0
DA:37,1
DA:41,1
DA:44,2
DA:45,0
DA:51,2
DA:52,0
DA:62,2
DA:67,0
LF:28
LH:16
BRDA:19,0,0,0
BRDA:19,0,1,1
BRDA:21,1,0,0
BRDA:21,1,1,0
BRDA:44,2,0,0
BRDA:44,2,1,2
BRDA:51,3,0,0
BRDA:51,3,1,2
BRDA:64,4,0,2
BRDA:64,4,1,1
BRDA:65,5,0,2
BRDA:65,5,1,0
BRF:12
BRH:6
end_of_record
TN:
SF:src\components\MovieList\index.js
FNF:0
FNH:0
LF:0
LH:0
BRF:0
BRH:0
end_of_record
TN:
SF:src\components\MovieTags\MovieTags.jsx
FN:6,(anonymous_0)
FN:10,MovieTags
FN:14,(anonymous_2)
FN:17,(anonymous_3)
FNF:4
FNH:0
FNDA:0,(anonymous_0)
FNDA:0,MovieTags
FNDA:0,(anonymous_2)
FNDA:0,(anonymous_3)
DA:6,1
DA:7,0
DA:11,0
DA:15,0
DA:18,0
LF:5
LH:1
BRF:0
BRH:0
end_of_record
TN:
SF:src\components\PaginationBlock\PaginationBlock.jsx
FN:5,PaginationBlock
FNF:1
FNH:1
FNDA:1,PaginationBlock
DA:4,1
DA:6,1
LF:2
LH:2
BRF:0
BRH:0
end_of_record
TN:
SF:src\components\PaginationBlock\index.js
FNF:0
FNH:0
LF:0
LH:0
BRF:0
BRH:0
end_of_record
TN:
SF:src\components\RatedTab\RatedTab.jsx
FN:12,RatedTab
FN:18,(anonymous_1)
FN:30,(anonymous_2)
FN:45,(anonymous_3)
FNF:4
FNH:0
FNDA:0,RatedTab
FNDA:0,(anonymous_1)
FNDA:0,(anonymous_2)
FNDA:0,(anonymous_3)
DA:10,1
DA:13,0
DA:14,0
DA:15,0
DA:16,0
DA:18,0
DA:19,0
DA:20,0
DA:21,0
DA:22,0
DA:23,0
DA:26,0
DA:30,0
DA:31,0
DA:35,0
DA:46,0
LF:16
LH:1
BRDA:21,0,0,0
BRDA:21,0,1,0
BRDA:40,1,0,0
BRDA:40,1,1,0
BRF:4
BRH:0
end_of_record
TN:
SF:src\components\RatingStars\RatingStars.jsx
FN:7,RatingStars
FN:16,(anonymous_1)
FN:28,(anonymous_2)
FNF:3
FNH:0
FNDA:0,RatingStars
FNDA:0,(anonymous_1)
FNDA:0,(anonymous_2)
DA:8,0
DA:10,0
DA:11,0
DA:12,0
DA:13,0
DA:16,0
DA:17,0
DA:18,0
DA:19,0
DA:22,0
DA:28,0
LF:11
LH:0
BRDA:11,0,0,0
BRDA:11,0,1,0
BRDA:13,1,0,0
BRDA:13,1,1,0
BRDA:17,2,0,0
BRDA:17,2,1,0
BRF:6
BRH:0
end_of_record
TN:
SF:src\components\SearchTab\SearchTab.jsx
FN:13,SearchTab
FN:18,(anonymous_1)
FN:22,(anonymous_2)
FNF:3
FNH:3
FNDA:3,SearchTab
FNDA:2,(anonymous_1)
FNDA:1,(anonymous_2)
DA:10,1
DA:11,1
DA:14,3
DA:15,3
DA:16,3
DA:18,3
DA:19,2
DA:22,3
DA:23,1
DA:26,3
LF:10
LH:10
BRDA:43,0,0,3
BRDA:43,0,1,2
BRF:2
BRH:2
end_of_record
TN:
SF:src\components\SearchTab\index.js
FNF:0
FNH:0
LF:0
LH:0
BRF:0
BRH:0
end_of_record
TN:
SF:src\components\TabsBlock\TabsBlock.jsx
FN:14,TabsBlock
FN:16,(anonymous_1)
FN:18,(anonymous_2)
FNF:3
FNH:1
FNDA:1,TabsBlock
FNDA:0,(anonymous_1)
FNDA:0,(anonymous_2)
DA:8,1
DA:15,1
DA:16,1
DA:17,0
DA:18,0
DA:21,1
DA:34,1
LF:7
LH:5
BRDA:17,0,0,0
BRDA:17,0,1,0
BRF:2
BRH:0
end_of_record
TN:
SF:src\components\TabsBlock\index.js
FNF:0
FNH:0
LF:0
LH:0
BRF:0
BRH:0
end_of_record
TN:
SF:src\services\FetchData.js
FN:4,(anonymous_0)
FN:16,(anonymous_1)
FN:25,(anonymous_2)
FN:34,(anonymous_3)
FNF:4
FNH:1
FNDA:0,(anonymous_0)
FNDA:0,(anonymous_1)
FNDA:1,(anonymous_2)
FNDA:0,(anonymous_3)
DA:5,0
DA:10,0
DA:11,0
DA:13,0
DA:17,0
DA:19,0
DA:20,0
DA:22,0
DA:26,1
DA:28,1
DA:29,1
DA:31,0
DA:35,0
DA:36,0
DA:38,0
DA:42,0
DA:43,0
DA:45,0
LF:18
LH:3
BRDA:10,0,0,0
BRDA:10,0,1,0
BRDA:19,1,0,0
BRDA:19,1,1,0
BRDA:28,2,0,1
BRDA:28,2,1,0
BRDA:34,3,0,0
BRDA:35,4,0,0
BRDA:35,4,1,0
BRDA:42,5,0,0
BRDA:42,5,1,0
BRF:11
BRH:1
end_of_record
TN:
SF:src\services\GenresContext.jsx
FN:8,GenresProvider
FN:11,(anonymous_1)
FN:13,(anonymous_2)
FN:16,(anonymous_3)
FN:23,(anonymous_4)
FNF:5
FNH:4
FNDA:3,GenresProvider
FNDA:1,(anonymous_1)
FNDA:1,(anonymous_2)
FNDA:0,(anonymous_3)
FNDA:1,(anonymous_4)
DA:6,1
DA:9,3
DA:10,3
DA:11,3
DA:13,3
DA:14,1
DA:15,1
DA:16,0
DA:17,0
DA:19,1
DA:23,3
DA:24,1
DA:27,3
DA:28,2
DA:36,1
LF:15
LH:13
BRDA:27,0,0,2
BRDA:27,0,1,1
BRF:2
BRH:2
end_of_record
TN:
SF:src\services\fetchOptions.js
FNF:0
FNH:0
DA:1,1
LF:1
LH:1
BRF:0
BRH:0
end_of_record
TN:
SF:src\services\postRating.js
FN:4,(anonymous_0)
FN:19,(anonymous_1)
FN:20,(anonymous_2)
FN:25,(anonymous_3)
FNF:4
FNH:0
FNDA:0,(anonymous_0)
FNDA:0,(anonymous_1)
FNDA:0,(anonymous_2)
FNDA:0,(anonymous_3)
DA:4,1
DA:5,0
DA:6,0
DA:7,0
DA:9,0
DA:11,0
DA:18,0
DA:19,0
DA:21,0
DA:22,0
DA:26,0
LF:11
LH:1
BRDA:21,0,0,0
BRDA:21,0,1,0
BRF:2
BRH:0
end_of_record
TN:
SF:src\services\truncateString.js
FN:1,truncateString
FNF:1
FNH:0
FNDA:0,truncateString
DA:2,0
DA:4,0
DA:5,0
DA:6,0
DA:8,0
LF:5
LH:0
BRDA:1,0,0,0
BRDA:2,1,0,0
BRDA:2,1,1,0
BRF:3
BRH:0
end_of_record
